<?xml version="1.0" encoding="UTF-8"?><testrun name="Test_Runner" project="Projectcucumber1" tests="29" started="0" failures="0" errors="1" ignored="0">
  <testsuite name="com.adactin_feature.Test_Runner" incomplete="true">
    <error>cucumber.runtime.CucumberException: java.lang.NoClassDefFoundError: com/aventstack/extentreports/reporter/ExtentHtmlReporter&#13;
	at cucumber.runtime.formatter.PluginFactory.instantiate(PluginFactory.java:114)&#13;
	at cucumber.runtime.formatter.PluginFactory.create(PluginFactory.java:87)&#13;
	at cucumber.runtime.RuntimeOptions.getPlugins(RuntimeOptions.java:245)&#13;
	at cucumber.runtime.RuntimeOptions$1.invoke(RuntimeOptions.java:291)&#13;
	at com.sun.proxy.$Proxy15.uri(Unknown Source)&#13;
	at cucumber.runtime.junit.JUnitReporter.uri(JUnitReporter.java:179)&#13;
	at cucumber.runtime.junit.FeatureRunner.run(FeatureRunner.java:68)&#13;
	at cucumber.api.junit.Cucumber.runChild(Cucumber.java:95)&#13;
	at cucumber.api.junit.Cucumber.runChild(Cucumber.java:38)&#13;
	at org.junit.runners.ParentRunner$4.run(ParentRunner.java:331)&#13;
	at org.junit.runners.ParentRunner$1.schedule(ParentRunner.java:79)&#13;
	at org.junit.runners.ParentRunner.runChildren(ParentRunner.java:329)&#13;
	at org.junit.runners.ParentRunner.access$100(ParentRunner.java:66)&#13;
	at org.junit.runners.ParentRunner$2.evaluate(ParentRunner.java:293)&#13;
	at org.junit.internal.runners.statements.RunBefores.evaluate(RunBefores.java:26)&#13;
	at org.junit.internal.runners.statements.RunAfters.evaluate(RunAfters.java:27)&#13;
	at org.junit.runners.ParentRunner$3.evaluate(ParentRunner.java:306)&#13;
	at org.junit.runners.ParentRunner.run(ParentRunner.java:413)&#13;
	at cucumber.api.junit.Cucumber.run(Cucumber.java:100)&#13;
	at org.eclipse.jdt.internal.junit4.runner.JUnit4TestReference.run(JUnit4TestReference.java:93)&#13;
	at org.eclipse.jdt.internal.junit.runner.TestExecution.run(TestExecution.java:40)&#13;
	at org.eclipse.jdt.internal.junit.runner.RemoteTestRunner.runTests(RemoteTestRunner.java:529)&#13;
	at org.eclipse.jdt.internal.junit.runner.RemoteTestRunner.runTests(RemoteTestRunner.java:756)&#13;
	at org.eclipse.jdt.internal.junit.runner.RemoteTestRunner.run(RemoteTestRunner.java:452)&#13;
	at org.eclipse.jdt.internal.junit.runner.RemoteTestRunner.main(RemoteTestRunner.java:210)&#13;
Caused by: java.lang.NoClassDefFoundError: com/aventstack/extentreports/reporter/ExtentHtmlReporter&#13;
	at com.cucumber.listener.ExtentCucumberFormatter.setExtentHtmlReport(ExtentCucumberFormatter.java:51)&#13;
	at com.cucumber.listener.ExtentCucumberFormatter.&lt;init&gt;(ExtentCucumberFormatter.java:35)&#13;
	at java.base/jdk.internal.reflect.NativeConstructorAccessorImpl.newInstance0(Native Method)&#13;
	at java.base/jdk.internal.reflect.NativeConstructorAccessorImpl.newInstance(NativeConstructorAccessorImpl.java:62)&#13;
	at java.base/jdk.internal.reflect.DelegatingConstructorAccessorImpl.newInstance(DelegatingConstructorAccessorImpl.java:45)&#13;
	at java.base/java.lang.reflect.Constructor.newInstanceWithCaller(Constructor.java:500)&#13;
	at java.base/java.lang.reflect.Constructor.newInstance(Constructor.java:481)&#13;
	at cucumber.runtime.formatter.PluginFactory.instantiate(PluginFactory.java:107)&#13;
	... 24 more&#13;
Caused by: java.lang.ClassNotFoundException: com.aventstack.extentreports.reporter.ExtentHtmlReporter&#13;
	at java.base/jdk.internal.loader.BuiltinClassLoader.loadClass(BuiltinClassLoader.java:602)&#13;
	at java.base/jdk.internal.loader.ClassLoaders$AppClassLoader.loadClass(ClassLoaders.java:178)&#13;
	at java.base/java.lang.ClassLoader.loadClass(ClassLoader.java:521)&#13;
	... 32 more&#13;
&#13;
</error>
    <testsuite name="Feature: Hotel Booking In Adactin Application" incomplete="true">
      <testsuite name="Scenario Outline: Login page" incomplete="true">
        <testsuite name="Examples:" incomplete="true">
          <testsuite name="| ABC | 123 |" incomplete="true">
            <testcase name="Given User  Launch The Application" classname="| ABC | 123 |" incomplete="true"/>
            <testcase name="When User Enter The&quot;ABC&quot; Username Field" classname="| ABC | 123 |" incomplete="true"/>
            <testcase name="And User Enter The&quot;123&quot; Password Field" classname="| ABC | 123 |" incomplete="true"/>
            <testcase name="Then User Click on The Login button and It Navigate To The Search Hotel Page" classname="| ABC | 123 |" incomplete="true"/>
          </testsuite>
          <testsuite name="| Gayathri7696 | SD95CF |" incomplete="true">
            <testcase name="Given User  Launch The Application" classname="| Gayathri7696 | SD95CF |" incomplete="true"/>
            <testcase name="When User Enter The&quot;Gayathri7696&quot; Username Field" classname="| Gayathri7696 | SD95CF |" incomplete="true"/>
            <testcase name="And User Enter The&quot;SD95CF&quot; Password Field" classname="| Gayathri7696 | SD95CF |" incomplete="true"/>
            <testcase name="Then User Click on The Login button and It Navigate To The Search Hotel Page" classname="| Gayathri7696 | SD95CF |" incomplete="true"/>
          </testsuite>
        </testsuite>
      </testsuite>
      <testsuite name="Scenario: Search Hotel Page" incomplete="true">
        <testcase name="When User Enter The &quot;Sydney&quot;" classname="Scenario: Search Hotel Page" incomplete="true"/>
        <testcase name="And User Select The Hotel" classname="Scenario: Search Hotel Page" incomplete="true"/>
        <testcase name="And User Select The Room Type" classname="Scenario: Search Hotel Page" incomplete="true"/>
        <testcase name="And User Select Required Number Of Rooms" classname="Scenario: Search Hotel Page" incomplete="true"/>
        <testcase name="And User Enter The Check In Date" classname="Scenario: Search Hotel Page" incomplete="true"/>
        <testcase name="And User Enter The Check Out Date" classname="Scenario: Search Hotel Page" incomplete="true"/>
        <testcase name="And User Select The Adults Per Room" classname="Scenario: Search Hotel Page" incomplete="true"/>
        <testcase name="And User Select The Childern Per Room" classname="Scenario: Search Hotel Page" incomplete="true"/>
        <testcase name="Then User Click On The Search It Navigate To Th Select Hotel Page" classname="Scenario: Search Hotel Page" incomplete="true"/>
      </testsuite>
      <testsuite name="Scenario: Select Hotel Page" incomplete="true">
        <testcase name="When User Click The Radio button" classname="Scenario: Select Hotel Page" incomplete="true"/>
        <testcase name="Then User Click On The Continue It Navigate To The Select Hotel Page" classname="Scenario: Select Hotel Page" incomplete="true"/>
      </testsuite>
      <testsuite name="Scenario: Payment Page" incomplete="true">
        <testcase name="When User Enter The First Name Of The Account Holder" classname="Scenario: Payment Page" incomplete="true"/>
        <testcase name="And User Enter The Second Name Of The Account Holder" classname="Scenario: Payment Page" incomplete="true"/>
        <testcase name="And User Enter The Billing Address" classname="Scenario: Payment Page" incomplete="true"/>
        <testcase name="And User Enter The Cerdit Card Number" classname="Scenario: Payment Page" incomplete="true"/>
        <testcase name="And User Select The cerdit Card Type" classname="Scenario: Payment Page" incomplete="true"/>
        <testcase name="And User Select The Month Of Expiry" classname="Scenario: Payment Page" incomplete="true"/>
        <testcase name="And User Select The Year Of Expiry" classname="Scenario: Payment Page" incomplete="true"/>
        <testcase name="And User Select The CVV Number" classname="Scenario: Payment Page" incomplete="true"/>
        <testcase name="And User Click On The Book Now It Navigate To The Booking Configuration Page" classname="Scenario: Payment Page" incomplete="true"/>
      </testsuite>
      <testsuite name="Scenario: Booking Configuration Page" incomplete="true">
        <testcase name="Then User Click On The Logout It Navigate To The Logout Page" classname="Scenario: Booking Configuration Page" incomplete="true"/>
      </testsuite>
    </testsuite>
  </testsuite>
</testrun>
